<?xml version="1.0" encoding="UTF-8"?>
<testsuite name="com.project.ProjectApplicationTests" tests="1" skipped="0" failures="0" errors="0" timestamp="2020-05-14T14:11:00" hostname="koketso-HP-15-Notebook-PC" time="1.597">
  <properties/>
  <testcase name="contextLoads()" classname="com.project.ProjectApplicationTests" time="1.597"/>
  <system-out><![CDATA[16:10:49.529 [Test worker] DEBUG org.springframework.test.context.BootstrapUtils - Instantiating CacheAwareContextLoaderDelegate from class [org.springframework.test.context.cache.DefaultCacheAwareContextLoaderDelegate]
16:10:49.602 [Test worker] DEBUG org.springframework.test.context.BootstrapUtils - Instantiating BootstrapContext using constructor [public org.springframework.test.context.support.DefaultBootstrapContext(java.lang.Class,org.springframework.test.context.CacheAwareContextLoaderDelegate)]
16:10:49.821 [Test worker] DEBUG org.springframework.test.context.BootstrapUtils - Instantiating TestContextBootstrapper for test class [com.project.ProjectApplicationTests] from class [org.springframework.boot.test.context.SpringBootTestContextBootstrapper]
16:10:49.981 [Test worker] INFO org.springframework.boot.test.context.SpringBootTestContextBootstrapper - Neither @ContextConfiguration nor @ContextHierarchy found for test class [com.project.ProjectApplicationTests], using SpringBootContextLoader
16:10:50.005 [Test worker] DEBUG org.springframework.test.context.support.AbstractContextLoader - Did not detect default resource location for test class [com.project.ProjectApplicationTests]: class path resource [com/project/ProjectApplicationTests-context.xml] does not exist
16:10:50.007 [Test worker] DEBUG org.springframework.test.context.support.AbstractContextLoader - Did not detect default resource location for test class [com.project.ProjectApplicationTests]: class path resource [com/project/ProjectApplicationTestsContext.groovy] does not exist
16:10:50.009 [Test worker] INFO org.springframework.test.context.support.AbstractContextLoader - Could not detect default resource locations for test class [com.project.ProjectApplicationTests]: no resource found for suffixes {-context.xml, Context.groovy}.
16:10:50.013 [Test worker] INFO org.springframework.test.context.support.AnnotationConfigContextLoaderUtils - Could not detect default configuration classes for test class [com.project.ProjectApplicationTests]: ProjectApplicationTests does not declare any static, non-private, non-final, nested classes annotated with @Configuration.
16:10:50.289 [Test worker] DEBUG org.springframework.test.context.support.ActiveProfilesUtils - Could not find an 'annotation declaring class' for annotation type [org.springframework.test.context.ActiveProfiles] and class [com.project.ProjectApplicationTests]
16:10:50.628 [Test worker] DEBUG org.springframework.context.annotation.ClassPathScanningCandidateComponentProvider - Identified candidate component class: file [/home/koketso/Desktop/project/build/classes/java/main/com/project/ProjectApplication.class]
16:10:50.631 [Test worker] INFO org.springframework.boot.test.context.SpringBootTestContextBootstrapper - Found @SpringBootConfiguration com.project.ProjectApplication for test class com.project.ProjectApplicationTests
16:10:51.162 [Test worker] DEBUG org.springframework.boot.test.context.SpringBootTestContextBootstrapper - @TestExecutionListeners is not present for class [com.project.ProjectApplicationTests]: using defaults.
16:10:51.165 [Test worker] INFO org.springframework.boot.test.context.SpringBootTestContextBootstrapper - Loaded default TestExecutionListener class names from location [META-INF/spring.factories]: [org.springframework.boot.test.autoconfigure.restdocs.RestDocsTestExecutionListener, org.springframework.boot.test.autoconfigure.web.client.MockRestServiceServerResetTestExecutionListener, org.springframework.boot.test.autoconfigure.web.servlet.MockMvcPrintOnlyOnFailureTestExecutionListener, org.springframework.boot.test.autoconfigure.web.servlet.WebDriverTestExecutionListener, org.springframework.boot.test.mock.mockito.MockitoTestExecutionListener, org.springframework.boot.test.mock.mockito.ResetMocksTestExecutionListener, org.springframework.test.context.web.ServletTestExecutionListener, org.springframework.test.context.support.DirtiesContextBeforeModesTestExecutionListener, org.springframework.test.context.support.DependencyInjectionTestExecutionListener, org.springframework.test.context.support.DirtiesContextTestExecutionListener, org.springframework.test.context.transaction.TransactionalTestExecutionListener, org.springframework.test.context.jdbc.SqlScriptsTestExecutionListener, org.springframework.test.context.event.EventPublishingTestExecutionListener]
16:10:51.221 [Test worker] DEBUG org.springframework.boot.test.context.SpringBootTestContextBootstrapper - Skipping candidate TestExecutionListener [org.springframework.test.context.transaction.TransactionalTestExecutionListener] due to a missing dependency. Specify custom listener classes or make the default listener classes and their required dependencies available. Offending class: [org/springframework/transaction/TransactionDefinition]
16:10:51.226 [Test worker] DEBUG org.springframework.boot.test.context.SpringBootTestContextBootstrapper - Skipping candidate TestExecutionListener [org.springframework.test.context.jdbc.SqlScriptsTestExecutionListener] due to a missing dependency. Specify custom listener classes or make the default listener classes and their required dependencies available. Offending class: [org/springframework/transaction/interceptor/TransactionAttribute]
16:10:51.227 [Test worker] INFO org.springframework.boot.test.context.SpringBootTestContextBootstrapper - Using TestExecutionListeners: [org.springframework.test.context.web.ServletTestExecutionListener@58075fb2, org.springframework.test.context.support.DirtiesContextBeforeModesTestExecutionListener@27500f76, org.springframework.boot.test.mock.mockito.MockitoTestExecutionListener@6fbb371c, org.springframework.boot.test.autoconfigure.SpringBootDependencyInjectionTestExecutionListener@32b6e39c, org.springframework.test.context.support.DirtiesContextTestExecutionListener@50aec0b7, org.springframework.test.context.event.EventPublishingTestExecutionListener@77225e6b, org.springframework.boot.test.autoconfigure.restdocs.RestDocsTestExecutionListener@41179444, org.springframework.boot.test.autoconfigure.web.client.MockRestServiceServerResetTestExecutionListener@44b825f9, org.springframework.boot.test.autoconfigure.web.servlet.MockMvcPrintOnlyOnFailureTestExecutionListener@6235eea1, org.springframework.boot.test.autoconfigure.web.servlet.WebDriverTestExecutionListener@701258a, org.springframework.boot.test.mock.mockito.ResetMocksTestExecutionListener@7ac9249a]
16:10:51.244 [Test worker] DEBUG org.springframework.test.context.support.AbstractDirtiesContextTestExecutionListener - Before test class: context [DefaultTestContext@5db5cccf testClass = ProjectApplicationTests, testInstance = [null], testMethod = [null], testException = [null], mergedContextConfiguration = [WebMergedContextConfiguration@5e4915d3 testClass = ProjectApplicationTests, locations = '{}', classes = '{class com.project.ProjectApplication}', contextInitializerClasses = '[]', activeProfiles = '{}', propertySourceLocations = '{}', propertySourceProperties = '{org.springframework.boot.test.context.SpringBootTestContextBootstrapper=true}', contextCustomizers = set[org.springframework.boot.test.autoconfigure.properties.PropertyMappingContextCustomizer@0, org.springframework.boot.test.autoconfigure.web.servlet.WebDriverContextCustomizerFactory$Customizer@6698230f, org.springframework.boot.test.context.filter.ExcludeFilterContextCustomizer@5b01ef54, org.springframework.boot.test.json.DuplicateJsonObjectContextCustomizerFactory$DuplicateJsonObjectContextCustomizer@52d10320, org.springframework.boot.test.mock.mockito.MockitoContextCustomizer@0, org.springframework.boot.test.web.client.TestRestTemplateContextCustomizer@2c381a22, org.springframework.boot.test.context.SpringBootTestArgs@1], resourceBasePath = 'src/main/webapp', contextLoader = 'org.springframework.boot.test.context.SpringBootContextLoader', parent = [null]], attributes = map['org.springframework.test.context.web.ServletTestExecutionListener.activateListener' -> true]], class annotated with @DirtiesContext [false] with mode [null].
16:10:51.458 [Test worker] DEBUG org.springframework.test.context.support.TestPropertySourceUtils - Adding inlined properties to environment: {spring.jmx.enabled=false, org.springframework.boot.test.context.SpringBootTestContextBootstrapper=true, server.port=-1}

  .   ____          _            __ _ _
 /\\ / ___'_ __ _ _(_)_ __  __ _ \ \ \ \
( ( )\___ | '_ | '_| | '_ \/ _` | \ \ \ \
 \\/  ___)| |_)| | | | | || (_| |  ) ) ) )
  '  |____| .__|_| |_|_| |_\__, | / / / /
 =========|_|==============|___/=/_/_/_/
 :: Spring Boot ::        (v2.2.7.RELEASE)

2020-05-14 16:10:53.333  INFO 2896 --- [    Test worker] com.project.ProjectApplicationTests      : Starting ProjectApplicationTests on koketso-HP-15-Notebook-PC with PID 2896 (started by koketso in /home/koketso/Desktop/project)
2020-05-14 16:10:53.344  INFO 2896 --- [    Test worker] com.project.ProjectApplicationTests      : No active profile set, falling back to default profiles: default
2020-05-14 16:10:59.710  INFO 2896 --- [    Test worker] o.s.s.concurrent.ThreadPoolTaskExecutor  : Initializing ExecutorService 'applicationTaskExecutor'
2020-05-14 16:11:00.829  INFO 2896 --- [    Test worker] com.project.ProjectApplicationTests      : Started ProjectApplicationTests in 9.283 seconds (JVM running for 15.075)
]]></system-out>
  <system-err><![CDATA[]]></system-err>
</testsuite>
